<?xml version="1.0" encoding="UTF-8"?>
<!-- Generated by org.testng.reporters.JUnitXMLReporter -->
<testsuite ignored="1" hostname="Sparshs-MacBook-Air.local" failures="0" tests="2" name="Authentication Tests" time="18.609" errors="0" timestamp="2026-05-25T00:13:58 IST">
  <testcase classname="com.markzy.tests.RegisterTest" name="testSuccessfulRegistrationFlow" time="6.297"/>
  <testcase classname="com.markzy.tests.LoginTest" name="testSuccessfulLogin" time="7.081"/>
  <testcase classname="com.markzy.tests.BaseTest" name="@BeforeSuite setupSuite" time="0.0">
    <ignored/>
  </testcase> <!-- @BeforeSuite setupSuite -->
</testsuite> <!-- Authentication Tests -->
